<?xml version="1.0" encoding="UTF-8" ?>
<testsuites>
  <testsuite errors="0" failures="2" hostname="DESKTOP-CE8GK2O" id="0" name="MySuiteRunner" package="tests" skipped="0" tests="3" time="0.095" timestamp="2021-03-29T09:07:18">
      <properties>
[...]
</properties>

      <testcase classname="tests.LoginTest" name="testApp" time="0.018">
          <failure message="expected:&lt;Hello[]&gt; but was:&lt;Hello[123]&gt;" type="junit.framework.ComparisonFailure">junit.framework.ComparisonFailure: expected:&lt;Hello[]&gt; but was:&lt;Hello[123]&gt;
	at tests.LoginTest.testApp(LoginTest.java:21)
</failure>

          <failure message="Link not present" type="junit.framework.AssertionFailedError">junit.framework.AssertionFailedError: Link not present
	at tests.LoginTest.testApp(LoginTest.java:29)
</failure>

      </testcase>

      <testcase classname="tests.Parameterized_Test" name="checkBalanceTest[0]" time="0.001" />

      <testcase classname="tests.Parameterized_Test" name="checkBalanceTest[1]" time="0.0" />

      <system-out><![CDATA[A
error
B
Ending test
Executing the test with - HSBC -- 1234
Executing the test with - City -- 123455
]]></system-out>

      <system-err><![CDATA[]]></system-err>

  </testsuite>
</testsuites>
